<?xml version="1.0" encoding="UTF-8"?>
<testsuite name="ee.ut.math.tvt.BillTest" tests="1" skipped="0" failures="0" errors="0" timestamp="2019-10-28T15:51:27" hostname="DESKTOP-77869A5" time="0.001">
  <properties/>
  <testcase name="testBillWithNoRows" classname="ee.ut.math.tvt.BillTest" time="0.001"/>
  <system-out><![CDATA[]]></system-out>
  <system-err><![CDATA[]]></system-err>
</testsuite>
